[280.139446259] 2018-08-27 10:59:13,047 - INFO - launcher: Starting sanity checks
[281.061887741] 2018-08-27 10:59:13,048 - INFO - launcher: Checking for Python 3.5+
[281.061887741] 2018-08-27 10:59:13,048 - INFO - launcher: Checking console encoding
[281.061887741] 2018-08-27 10:59:13,048 - INFO - launcher: Setting console encoding to UTF-8
[282.058000565] 2018-08-27 10:59:13,049 - INFO - launcher: Ensuring we're in the right environment
[284.060716629] 2018-08-27 10:59:13,051 - INFO - launcher: Adding local bins/ folder to path
[4269.877433777] 2018-08-27 10:59:17,036 - INFO - launcher: Required checks passed.
[4271.847486496] 2018-08-27 10:59:17,038 - INFO - launcher: Optional checks passed.
[4271.847486496] 2018-08-27 10:59:17,038 - INFO - launcher: Moving old musicbot log

######################### PRE-RUN SANITY CHECKS PASSED #########################

[9.0471732616424561] 2018-08-27 10:59:21,814 - WARNING - musicbot.config | In config.py::MainThread(1636), line 113 in run_checks: i18n file does not exist. Trying to fallback to config/i18n/en.json.
[9.0481731891632080] 2018-08-27 10:59:21,815 - INFO - musicbot.config | In config.py::MainThread(1636), line 124 in run_checks: Using i18n: config/i18n/en.json
[9.0691726207733154] 2018-08-27 10:59:21,836 - DEBUG - musicbot.json | In json.py::MainThread(1636), line 8 in __init__: Init JSON obj with config/i18n/en.json
[9.1420452594757080] 2018-08-27 10:59:21,909 - DEBUG - musicbot.bot | In bot.py::MainThread(1636), line 223 in _setup_logging: Set logging level to INFO
[9.1431238651275635] 2018-08-27 10:59:21,910 - INFO - musicbot.bot | In bot.py::MainThread(1636), line 83 in __init__: Starting MusicBot 1.9.8_1
[9.1440455913543701] 2018-08-27 10:59:21,911 - INFO - musicbot.bot | In bot.py::MainThread(1636), line 89 in __init__: Loaded autoplaylist with 16 entries
[9.6696653366088867] 2018-08-27 10:59:22,436 - DEBUG - musicbot.spotify | In spotify.py::MainThread(1636), line 70 in get_token: Created a new access token: {'access_token': 'BQD4kVSCQKrvbz59jlmOxvr4-gevVzY0XW-d-NDPQZavAf2tR7UBFVTL4tLMwUYThpO7fNNbIh0K3P-8ZOE', 'token_type': 'Bearer', 'expires_in': 3600, 'scope': '', 'expires_at': 1535396362}
[9.6696653366088867] 2018-08-27 10:59:22,436 - INFO - musicbot.bot | In bot.py::MainThread(1636), line 114 in __init__: Authenticated with Spotify successfully using client ID and secret.
[16.0355412960052490] 2018-08-27 10:59:28,802 - DEBUG - musicbot.bot | In bot.py::MainThread(1636), line 913 in on_ready: Connection established, ready to go.
[16.0365519523620605] 2018-08-27 10:59:28,803 - DEBUG - musicbot.bot | In bot.py::MainThread(1636), line 334 in _cache_app_info: Caching app info
[16.2503542900085449] 2018-08-27 10:59:29,017 - DEBUG - musicbot.bot | In bot.py::MainThread(1636), line 735 in _scheck_ensure_env: Ensuring data folders exist
[16.2533557415008545] 2018-08-27 10:59:29,020 - DEBUG - musicbot.bot | In bot.py::MainThread(1636), line 751 in _scheck_server_permissions: Checking server permissions
[16.2533557415008545] 2018-08-27 10:59:29,020 - DEBUG - musicbot.bot | In bot.py::MainThread(1636), line 755 in _scheck_autoplaylist: Auditing autoplaylist
[16.2543563842773438] 2018-08-27 10:59:29,021 - DEBUG - musicbot.bot | In bot.py::MainThread(1636), line 759 in _scheck_configs: Validating config
[16.2543563842773438] 2018-08-27 10:59:29,021 - DEBUG - musicbot.config | In config.py::MainThread(1636), line 213 in async_validate: Validating options...
[16.2543563842773438] 2018-08-27 10:59:29,021 - DEBUG - musicbot.bot | In bot.py::MainThread(1636), line 762 in _scheck_configs: Validating permissions config
[16.2543563842773438] 2018-08-27 10:59:29,021 - DEBUG - musicbot.permissions | In permissions.py::MainThread(1636), line 65 in async_validate: Validating permissions...
[16.2543563842773438] 2018-08-27 10:59:29,021 - INFO - musicbot.bot | In bot.py::MainThread(1636), line 930 in on_ready: Connected: 461961503516655646/Fuch Radio#2570
[16.2553539276123047] 2018-08-27 10:59:29,022 - INFO - musicbot.bot | In bot.py::MainThread(1636), line 938 in on_ready: Owner:     261951513725894656/Fuchzzia#7357

[16.2563550472259521] 2018-08-27 10:59:29,023 - INFO - musicbot.bot | In bot.py::MainThread(1636), line 941 in on_ready: Guild List:
[16.2574367523193359] 2018-08-27 10:59:29,024 - INFO - musicbot.bot | In bot.py::MainThread(1636), line 944 in on_ready:  - ✩ Fuchzzia’s Family
[16.2574367523193359] 2018-08-27 10:59:29,024 - INFO - musicbot.bot | In bot.py::MainThread(1636), line 944 in on_ready:  - fuch's lounge
[16.2574367523193359] 2018-08-27 10:59:29,024 - INFO - musicbot.bot | In bot.py::MainThread(1636), line 944 in on_ready:  - Bots
[16.2583546638488770] 2018-08-27 10:59:29,025 - INFO - musicbot.bot | In bot.py::MainThread(1636), line 977 in on_ready: Bound to text channels:
[16.2583546638488770] 2018-08-27 10:59:29,025 - INFO - musicbot.bot | In bot.py::MainThread(1636), line 978 in <listcomp>:  - fuch's lounge/music-manager
[16.2594368457794189] 2018-08-27 10:59:29,026 - INFO - musicbot.bot | In bot.py::MainThread(1636), line 1003 in on_ready: Autojoining voice chanels:
[16.2594368457794189] 2018-08-27 10:59:29,026 - INFO - musicbot.bot | In bot.py::MainThread(1636), line 1004 in <listcomp>:  - fuch's lounge/24 // 7 Gaming Music
[16.2603542804718018] 2018-08-27 10:59:29,027 - INFO - musicbot.bot | In bot.py::MainThread(1636), line 276 in _join_startup_channels: Attempting to join fuch's lounge/24 // 7 Gaming Music
[17.1196422576904297] 2018-08-27 10:59:29,886 - DEBUG - musicbot.bot | In bot.py::MainThread(1636), line 695 in deserialize_queue: Deserializing queue for 455459534698184718
[17.7307927608489990] 2018-08-27 10:59:30,497 - DEBUG - musicbot.bot | In bot.py::MainThread(1636), line 417 in get_player: Created player via deserialization for guild 455459534698184718 with 1 entries
[17.7317919731140137] 2018-08-27 10:59:30,498 - INFO - musicbot.bot | In bot.py::MainThread(1636), line 292 in _join_startup_channels: Joined fuch's lounge/24 // 7 Gaming Music
[17.7327094078063965] 2018-08-27 10:59:30,499 - WARNING - musicbot.bot | In bot.py::MainThread(1636), line 1057 in on_ready: Your config file is missing some options. If you have recently updated, check the example_options.ini file to see if there are new options available to you. The options missing are: {'legacyskip'}
[17.7367229461669922] 2018-08-27 10:59:30,503 - DEBUG - musicbot.entry | In entry.py::MainThread(1636), line 56 in get_ready_future: Created future for audio_cache\youtube-6457bpRtA80-Aero_Chord_-_Shadows_feat._Nevve_Monstercat_Release.webm
[17.7367229461669922] 2018-08-27 10:59:30,503 - FFMPEG - musicbot.player | In player.py::MainThread(1636), line 276 in _play: Creating player with options: -nostdin -vn audio_cache\youtube-6457bpRtA80-Aero_Chord_-_Shadows_feat._Nevve_Monstercat_Release.webm
[17.7572426795959473] 2018-08-27 10:59:30,524 - DEBUG - musicbot.player | In player.py::MainThread(1636), line 287 in _play: Playing <discord.player.PCMVolumeTransformer object at 0x0514F6D0> using <discord.voice_client.VoiceClient object at 0x047EAEB0>
[17.7602207660675049] 2018-08-27 10:59:30,527 - DEBUG - musicbot.bot | In bot.py::MainThread(1636), line 452 in on_player_play: Running on_player_play
[17.7612195014953613] 2018-08-27 10:59:30,528 - DEBUG - musicbot.bot | In bot.py::MainThread(1636), line 671 in serialize_queue: Serializing queue for 455459534698184718
[17.7642183303833008] 2018-08-27 10:59:30,531 - DEBUG - musicbot.bot | In bot.py::MainThread(1636), line 714 in write_current_song: Writing current song for 455459534698184718
[178.0803983211517334] 2018-08-27 11:02:10,847 - DEBUG - musicbot.bot | In bot.py::MainThread(1636), line 509 in on_player_finished_playing: Running on_player_finished_playing
[178.0813961029052734] 2018-08-27 11:02:10,848 - DEBUG - musicbot.bot | In bot.py::MainThread(1636), line 524 in on_player_finished_playing: No content in current autoplaylist. Filling with new music...
[178.1034803390502930] 2018-08-27 11:02:10,870 - DEBUG - musicbot.bot | In bot.py::MainThread(1636), line 505 in on_player_stop: Running on_player_stop
[184.8358898162841797] 2018-08-27 11:02:17,602 - DEBUG - musicbot.entry | In entry.py::MainThread(1636), line 56 in get_ready_future: Created future for None
[184.8358898162841797] 2018-08-27 11:02:17,602 - DEBUG - musicbot.bot | In bot.py::MainThread(1636), line 586 in on_player_entry_added: Running on_player_entry_added
[184.8369100093841553] 2018-08-27 11:02:17,603 - INFO - musicbot.entry | In entry.py::MainThread(1636), line 200 in _download: Download cached: https://www.youtube.com/watch?v=JJ7hVHPFl4I
[186.8246111869812012] 2018-08-27 11:02:19,591 - DEBUG - musicbot.entry | In entry.py::MainThread(1636), line 56 in get_ready_future: Created future for audio_cache\youtube-JJ7hVHPFl4I-Bossfight_-_Sovereign_Monstercat_Release.webm
[186.8246111869812012] 2018-08-27 11:02:19,591 - FFMPEG - musicbot.player | In player.py::MainThread(1636), line 276 in _play: Creating player with options: -nostdin -vn audio_cache\youtube-JJ7hVHPFl4I-Bossfight_-_Sovereign_Monstercat_Release.webm
[186.8465292453765869] 2018-08-27 11:02:19,613 - DEBUG - musicbot.player | In player.py::MainThread(1636), line 287 in _play: Playing <discord.player.PCMVolumeTransformer object at 0x040DEA50> using <discord.voice_client.VoiceClient object at 0x047EAEB0>
[186.8485295772552490] 2018-08-27 11:02:19,615 - DEBUG - musicbot.bot | In bot.py::MainThread(1636), line 452 in on_player_play: Running on_player_play
[186.8495290279388428] 2018-08-27 11:02:19,616 - DEBUG - musicbot.bot | In bot.py::MainThread(1636), line 671 in serialize_queue: Serializing queue for 455459534698184718
[186.8515295982360840] 2018-08-27 11:02:19,618 - DEBUG - musicbot.bot | In bot.py::MainThread(1636), line 714 in write_current_song: Writing current song for 455459534698184718
[450.3980176448822021] 2018-08-27 11:06:43,165 - DEBUG - musicbot.bot | In bot.py::MainThread(1636), line 509 in on_player_finished_playing: Running on_player_finished_playing
[450.4050328731536865] 2018-08-27 11:06:43,172 - DEBUG - musicbot.bot | In bot.py::MainThread(1636), line 505 in on_player_stop: Running on_player_stop
[453.3264815807342529] 2018-08-27 11:06:46,093 - DEBUG - musicbot.entry | In entry.py::MainThread(1636), line 56 in get_ready_future: Created future for None
[453.3544788360595703] 2018-08-27 11:06:46,121 - DEBUG - musicbot.bot | In bot.py::MainThread(1636), line 586 in on_player_entry_added: Running on_player_entry_added
[453.3564805984497070] 2018-08-27 11:06:46,123 - INFO - musicbot.entry | In entry.py::MainThread(1636), line 200 in _download: Download cached: https://www.youtube.com/watch?v=y5SmBKDT98c
[455.3274431228637695] 2018-08-27 11:06:48,094 - DEBUG - musicbot.entry | In entry.py::MainThread(1636), line 56 in get_ready_future: Created future for audio_cache\youtube-y5SmBKDT98c-Stonebank_-_Ripped_To_Pieces_feat._EMEL_Monstercat_Release.webm
[455.3294444084167480] 2018-08-27 11:06:48,096 - FFMPEG - musicbot.player | In player.py::MainThread(1636), line 276 in _play: Creating player with options: -nostdin -vn audio_cache\youtube-y5SmBKDT98c-Stonebank_-_Ripped_To_Pieces_feat._EMEL_Monstercat_Release.webm
[455.6244375705718994] 2018-08-27 11:06:48,391 - DEBUG - musicbot.player | In player.py::MainThread(1636), line 287 in _play: Playing <discord.player.PCMVolumeTransformer object at 0x0514F290> using <discord.voice_client.VoiceClient object at 0x047EAEB0>
[455.6274373531341553] 2018-08-27 11:06:48,394 - DEBUG - musicbot.bot | In bot.py::MainThread(1636), line 452 in on_player_play: Running on_player_play
[455.6304373741149902] 2018-08-27 11:06:48,397 - DEBUG - musicbot.bot | In bot.py::MainThread(1636), line 671 in serialize_queue: Serializing queue for 455459534698184718
[455.6614370346069336] 2018-08-27 11:06:48,428 - DEBUG - musicbot.bot | In bot.py::MainThread(1636), line 714 in write_current_song: Writing current song for 455459534698184718
[723.2295403480529785] 2018-08-27 11:11:15,996 - DEBUG - musicbot.bot | In bot.py::MainThread(1636), line 509 in on_player_finished_playing: Running on_player_finished_playing
[723.2385420799255371] 2018-08-27 11:11:16,005 - DEBUG - musicbot.bot | In bot.py::MainThread(1636), line 505 in on_player_stop: Running on_player_stop
[726.4794824123382568] 2018-08-27 11:11:19,246 - DEBUG - musicbot.entry | In entry.py::MainThread(1636), line 56 in get_ready_future: Created future for None
[726.4824841022491455] 2018-08-27 11:11:19,249 - DEBUG - musicbot.bot | In bot.py::MainThread(1636), line 586 in on_player_entry_added: Running on_player_entry_added
[726.4904828071594238] 2018-08-27 11:11:19,257 - INFO - musicbot.entry | In entry.py::MainThread(1636), line 200 in _download: Download cached: https://www.youtube.com/watch?v=WAC7ec3z9uw
[728.4929769039154053] 2018-08-27 11:11:21,259 - DEBUG - musicbot.entry | In entry.py::MainThread(1636), line 56 in get_ready_future: Created future for audio_cache\youtube-WAC7ec3z9uw-FWLR_-_How_We_Win_Monstercat_Release.webm
[728.4939782619476318] 2018-08-27 11:11:21,260 - FFMPEG - musicbot.player | In player.py::MainThread(1636), line 276 in _play: Creating player with options: -nostdin -vn audio_cache\youtube-WAC7ec3z9uw-FWLR_-_How_We_Win_Monstercat_Release.webm
[728.6790044307708740] 2018-08-27 11:11:21,445 - DEBUG - musicbot.player | In player.py::MainThread(1636), line 287 in _play: Playing <discord.player.PCMVolumeTransformer object at 0x0477ACF0> using <discord.voice_client.VoiceClient object at 0x047EAEB0>
[728.8399708271026611] 2018-08-27 11:11:21,606 - DEBUG - musicbot.bot | In bot.py::MainThread(1636), line 452 in on_player_play: Running on_player_play
[728.8459720611572266] 2018-08-27 11:11:21,612 - DEBUG - musicbot.bot | In bot.py::MainThread(1636), line 671 in serialize_queue: Serializing queue for 455459534698184718
[728.9209697246551514] 2018-08-27 11:11:21,687 - DEBUG - musicbot.bot | In bot.py::MainThread(1636), line 714 in write_current_song: Writing current song for 455459534698184718
[946.5751976966857910] 2018-08-27 11:14:59,342 - DEBUG - musicbot.bot | In bot.py::MainThread(1636), line 509 in on_player_finished_playing: Running on_player_finished_playing
[946.5811355113983154] 2018-08-27 11:14:59,348 - DEBUG - musicbot.bot | In bot.py::MainThread(1636), line 505 in on_player_stop: Running on_player_stop
[949.1675336360931396] 2018-08-27 11:15:01,934 - DEBUG - musicbot.entry | In entry.py::MainThread(1636), line 56 in get_ready_future: Created future for None
[949.1675336360931396] 2018-08-27 11:15:01,934 - DEBUG - musicbot.bot | In bot.py::MainThread(1636), line 586 in on_player_entry_added: Running on_player_entry_added
[949.1685345172882080] 2018-08-27 11:15:01,935 - INFO - musicbot.entry | In entry.py::MainThread(1636), line 200 in _download: Download cached: https://www.youtube.com/watch?v=JJ7hVHPFl4I
[951.1705703735351562] 2018-08-27 11:15:03,937 - DEBUG - musicbot.entry | In entry.py::MainThread(1636), line 56 in get_ready_future: Created future for audio_cache\youtube-JJ7hVHPFl4I-Bossfight_-_Sovereign_Monstercat_Release.webm
[951.1705703735351562] 2018-08-27 11:15:03,937 - FFMPEG - musicbot.player | In player.py::MainThread(1636), line 276 in _play: Creating player with options: -nostdin -vn audio_cache\youtube-JJ7hVHPFl4I-Bossfight_-_Sovereign_Monstercat_Release.webm
[951.1814982891082764] 2018-08-27 11:15:03,948 - DEBUG - musicbot.player | In player.py::MainThread(1636), line 287 in _play: Playing <discord.player.PCMVolumeTransformer object at 0x04EBF670> using <discord.voice_client.VoiceClient object at 0x047EAEB0>
[951.1834979057312012] 2018-08-27 11:15:03,950 - DEBUG - musicbot.bot | In bot.py::MainThread(1636), line 452 in on_player_play: Running on_player_play
[951.1844978332519531] 2018-08-27 11:15:03,951 - DEBUG - musicbot.bot | In bot.py::MainThread(1636), line 671 in serialize_queue: Serializing queue for 455459534698184718
[951.1854972839355469] 2018-08-27 11:15:03,952 - DEBUG - musicbot.bot | In bot.py::MainThread(1636), line 714 in write_current_song: Writing current song for 455459534698184718
